Build started 21.1.2018 20:03:16.
     1>Project "C:\Users\Business Time\Documents\2.1.Kurssit\TGP\zero\zero.vcxproj" on node 2 (build target(s)).
     1>InitializeBuildStatus:
         Creating "Release\zero.unsuccessfulbuild" because "AlwaysCreate" was specified.
       ClCompile:
         C:\Program Files (x86)\Microsoft Visual Studio 10.0\VC\bin\CL.exe /c /I"C:\Users\Business Time\Documents\glew\include" /I"C:\Users\Business Time\Documents\glew\include\GL" /Zi /nologo /W3 /WX- /O2 /Oy- /D WIN32 /D NDEBUG /D _WINDOWS /Gm- /EHsc /MD /GS /fp:precise /Zc:wchar_t /Zc:forScope /Fo"Release\\" /Fd"Release\vc100.pdb" /Gd /TP /analyze- /errorReport:prompt main.cpp
         main.cpp
     1>main.cpp(41): warning C4305: 'initializing' : truncation from 'double' to 'GLfloat'
     1>main.cpp(42): warning C4305: 'initializing' : truncation from 'double' to 'GLfloat'
     1>main.cpp(42): warning C4305: 'initializing' : truncation from 'double' to 'GLfloat'
     1>main.cpp(42): warning C4305: 'initializing' : truncation from 'double' to 'GLfloat'
     1>main.cpp(43): warning C4305: 'initializing' : truncation from 'double' to 'GLfloat'
     1>main.cpp(44): warning C4305: 'initializing' : truncation from 'double' to 'GLfloat'
     1>main.cpp(44): warning C4305: 'initializing' : truncation from 'double' to 'GLfloat'
     1>main.cpp(46): warning C4305: 'initializing' : truncation from 'double' to 'GLfloat'
     1>main.cpp(68): warning C4244: '+=' : conversion from 'double' to 'GLfloat', possible loss of data
     1>main.cpp(226): warning C4244: 'argument' : conversion from 'int' to 'GLfloat', possible loss of data
     1>main.cpp(227): warning C4244: 'argument' : conversion from 'int' to 'GLfloat', possible loss of data
         All outputs are up-to-date.
       ManifestResourceCompile:
         All outputs are up-to-date.
       Link:
         C:\Program Files (x86)\Microsoft Visual Studio 10.0\VC\bin\link.exe /ERRORREPORT:PROMPT /OUT:"C:\Users\Business Time\Documents\2.1.Kurssit\TGP\zero\Release\zero.exe" /INCREMENTAL /NOLOGO /LIBPATH:"C:\Users\Business Time\Documents\glew\lib\Release\Win32" freeglut.lib opengl32.lib glu32.lib glew32.lib kernel32.lib user32.lib gdi32.lib winspool.lib comdlg32.lib advapi32.lib shell32.lib ole32.lib oleaut32.lib uuid.lib odbc32.lib odbccp32.lib /MANIFEST /ManifestFile:"Release\zero.exe.intermediate.manifest" /MANIFESTUAC:"level='asInvoker' uiAccess='false'" /DEBUG /PDB:"C:\Users\Business Time\Documents\2.1.Kurssit\TGP\zero\Release\zero.pdb" /SUBSYSTEM:CONSOLE /OPT:REF /OPT:ICF /TLBID:1 /DYNAMICBASE /NXCOMPAT /IMPLIB:"C:\Users\Business Time\Documents\2.1.Kurssit\TGP\zero\Release\zero.lib" /MACHINE:X86 Release\zero.exe.embed.manifest.res
         Release\main.obj
         Release\Matrix2f.obj
         Release\Matrix3f.obj
         Release\Matrix4f.obj
         Release\Quat4f.obj
         Release\Vector2f.obj
         Release\Vector3f.obj
         Release\Vector4f.obj
     1>LINK : warning LNK4075: ignoring '/INCREMENTAL' due to '/OPT:ICF' specification
       Manifest:
         C:\Program Files (x86)\Microsoft SDKs\Windows\v7.0A\bin\mt.exe /nologo /verbose /out:"Release\zero.exe.embed.manifest" /manifest Release\zero.exe.intermediate.manifest
         All outputs are up-to-date.
       LinkEmbedManifest:
         All outputs are up-to-date.
         zero.vcxproj -> C:\Users\Business Time\Documents\2.1.Kurssit\TGP\zero\Release\zero.exe
       FinalizeBuildStatus:
         Deleting file "Release\zero.unsuccessfulbuild".
         Touching "Release\zero.lastbuildstate".
     1>Done Building Project "C:\Users\Business Time\Documents\2.1.Kurssit\TGP\zero\zero.vcxproj" (build target(s)).

Build succeeded.

Time Elapsed 00:00:01.01
